14-Jun-2020 17:08:17.992 INFO [main] org.apache.catalina.startup.VersionLoggerListener.log Server version name:   Apache Tomcat/9.0.36
14-Jun-2020 17:08:17.994 INFO [main] org.apache.catalina.startup.VersionLoggerListener.log Server built:          Jun 3 2020 17:07:09 UTC
14-Jun-2020 17:08:17.994 INFO [main] org.apache.catalina.startup.VersionLoggerListener.log Server version number: 9.0.36.0
14-Jun-2020 17:08:17.994 INFO [main] org.apache.catalina.startup.VersionLoggerListener.log OS Name:               Mac OS X
14-Jun-2020 17:08:17.994 INFO [main] org.apache.catalina.startup.VersionLoggerListener.log OS Version:            10.15.5
14-Jun-2020 17:08:17.994 INFO [main] org.apache.catalina.startup.VersionLoggerListener.log Architecture:          x86_64
14-Jun-2020 17:08:17.994 INFO [main] org.apache.catalina.startup.VersionLoggerListener.log Java Home:             /Library/Java/JavaVirtualMachines/adoptopenjdk-8.jdk/Contents/Home/jre
14-Jun-2020 17:08:17.995 INFO [main] org.apache.catalina.startup.VersionLoggerListener.log JVM Version:           1.8.0_232-b09
14-Jun-2020 17:08:17.995 INFO [main] org.apache.catalina.startup.VersionLoggerListener.log JVM Vendor:            AdoptOpenJDK
14-Jun-2020 17:08:17.995 INFO [main] org.apache.catalina.startup.VersionLoggerListener.log CATALINA_BASE:         /Users/robert/Documents/program/JavaEE/apache-tomcat-9.0.36
14-Jun-2020 17:08:17.995 INFO [main] org.apache.catalina.startup.VersionLoggerListener.log CATALINA_HOME:         /Users/robert/Documents/program/JavaEE/apache-tomcat-9.0.36
14-Jun-2020 17:08:17.997 INFO [main] org.apache.catalina.startup.VersionLoggerListener.log Command line argument: -Djava.util.logging.config.file=/Users/robert/Documents/program/JavaEE/apache-tomcat-9.0.36/conf/logging.properties
14-Jun-2020 17:08:17.997 INFO [main] org.apache.catalina.startup.VersionLoggerListener.log Command line argument: -Djava.util.logging.manager=org.apache.juli.ClassLoaderLogManager
14-Jun-2020 17:08:17.997 INFO [main] org.apache.catalina.startup.VersionLoggerListener.log Command line argument: -Djdk.tls.ephemeralDHKeySize=2048
14-Jun-2020 17:08:17.997 INFO [main] org.apache.catalina.startup.VersionLoggerListener.log Command line argument: -Djava.protocol.handler.pkgs=org.apache.catalina.webresources
14-Jun-2020 17:08:17.997 INFO [main] org.apache.catalina.startup.VersionLoggerListener.log Command line argument: -Dorg.apache.catalina.security.SecurityListener.UMASK=0027
14-Jun-2020 17:08:17.997 INFO [main] org.apache.catalina.startup.VersionLoggerListener.log Command line argument: -Dignore.endorsed.dirs=
14-Jun-2020 17:08:17.997 INFO [main] org.apache.catalina.startup.VersionLoggerListener.log Command line argument: -Dcatalina.base=/Users/robert/Documents/program/JavaEE/apache-tomcat-9.0.36
14-Jun-2020 17:08:17.997 INFO [main] org.apache.catalina.startup.VersionLoggerListener.log Command line argument: -Dcatalina.home=/Users/robert/Documents/program/JavaEE/apache-tomcat-9.0.36
14-Jun-2020 17:08:17.997 INFO [main] org.apache.catalina.startup.VersionLoggerListener.log Command line argument: -Djava.io.tmpdir=/Users/robert/Documents/program/JavaEE/apache-tomcat-9.0.36/temp
14-Jun-2020 17:08:17.998 INFO [main] org.apache.catalina.core.AprLifecycleListener.lifecycleEvent The Apache Tomcat Native library which allows using OpenSSL was not found on the java.library.path: [/Users/robert/Library/Java/Extensions:/Library/Java/Extensions:/Network/Library/Java/Extensions:/System/Library/Java/Extensions:/usr/lib/java:.]
14-Jun-2020 17:08:18.192 INFO [main] org.apache.coyote.AbstractProtocol.init Initializing ProtocolHandler ["http-nio-8080"]
14-Jun-2020 17:08:18.205 SEVERE [main] org.apache.catalina.util.LifecycleBase.handleSubClassException Failed to initialize component [Connector[HTTP/1.1-8080]]
	org.apache.catalina.LifecycleException: Protocol handler initialization failed
		at org.apache.catalina.connector.Connector.initInternal(Connector.java:1042)
		at org.apache.catalina.util.LifecycleBase.init(LifecycleBase.java:136)
		at org.apache.catalina.core.StandardService.initInternal(StandardService.java:533)
		at org.apache.catalina.util.LifecycleBase.init(LifecycleBase.java:136)
		at org.apache.catalina.core.StandardServer.initInternal(StandardServer.java:1057)
		at org.apache.catalina.util.LifecycleBase.init(LifecycleBase.java:136)
		at org.apache.catalina.startup.Catalina.load(Catalina.java:584)
		at org.apache.catalina.startup.Catalina.load(Catalina.java:607)
		at sun.reflect.NativeMethodAccessorImpl.invoke0(Native Method)
		at sun.reflect.NativeMethodAccessorImpl.invoke(NativeMethodAccessorImpl.java:62)
		at sun.reflect.DelegatingMethodAccessorImpl.invoke(DelegatingMethodAccessorImpl.java:43)
		at java.lang.reflect.Method.invoke(Method.java:498)
		at org.apache.catalina.startup.Bootstrap.load(Bootstrap.java:303)
		at org.apache.catalina.startup.Bootstrap.main(Bootstrap.java:473)
	Caused by: java.net.BindException: Address already in use
		at sun.nio.ch.Net.bind0(Native Method)
		at sun.nio.ch.Net.bind(Net.java:433)
		at sun.nio.ch.Net.bind(Net.java:425)
		at sun.nio.ch.ServerSocketChannelImpl.bind(ServerSocketChannelImpl.java:223)
		at sun.nio.ch.ServerSocketAdaptor.bind(ServerSocketAdaptor.java:74)
		at org.apache.tomcat.util.net.NioEndpoint.initServerSocket(NioEndpoint.java:228)
		at org.apache.tomcat.util.net.NioEndpoint.bind(NioEndpoint.java:211)
		at org.apache.tomcat.util.net.AbstractEndpoint.bindWithCleanup(AbstractEndpoint.java:1141)
		at org.apache.tomcat.util.net.AbstractEndpoint.init(AbstractEndpoint.java:1154)
		at org.apache.coyote.AbstractProtocol.init(AbstractProtocol.java:581)
		at org.apache.coyote.http11.AbstractHttp11Protocol.init(AbstractHttp11Protocol.java:74)
		at org.apache.catalina.connector.Connector.initInternal(Connector.java:1039)
		... 13 more
14-Jun-2020 17:08:18.206 INFO [main] org.apache.catalina.startup.Catalina.load Server initialization in [339] milliseconds
14-Jun-2020 17:08:18.221 INFO [main] org.apache.catalina.core.StandardService.startInternal Starting service [Catalina]
14-Jun-2020 17:08:18.222 INFO [main] org.apache.catalina.core.StandardEngine.startInternal Starting Servlet engine: [Apache Tomcat/9.0.36]
14-Jun-2020 17:08:18.227 INFO [main] org.apache.catalina.startup.HostConfig.deployDirectory Deploying web application directory [/Users/robert/Documents/program/JavaEE/apache-tomcat-9.0.36/webapps/docs]
14-Jun-2020 17:08:18.376 INFO [main] org.apache.catalina.startup.HostConfig.deployDirectory Deployment of web application directory [/Users/robert/Documents/program/JavaEE/apache-tomcat-9.0.36/webapps/docs] has finished in [150] ms
14-Jun-2020 17:08:18.376 INFO [main] org.apache.catalina.startup.HostConfig.deployDirectory Deploying web application directory [/Users/robert/Documents/program/JavaEE/apache-tomcat-9.0.36/webapps/manager]
14-Jun-2020 17:08:18.398 INFO [main] org.apache.catalina.startup.HostConfig.deployDirectory Deployment of web application directory [/Users/robert/Documents/program/JavaEE/apache-tomcat-9.0.36/webapps/manager] has finished in [22] ms
14-Jun-2020 17:08:18.398 INFO [main] org.apache.catalina.startup.HostConfig.deployDirectory Deploying web application directory [/Users/robert/Documents/program/JavaEE/apache-tomcat-9.0.36/webapps/examples]
14-Jun-2020 17:08:18.590 INFO [main] org.apache.catalina.startup.HostConfig.deployDirectory Deployment of web application directory [/Users/robert/Documents/program/JavaEE/apache-tomcat-9.0.36/webapps/examples] has finished in [192] ms
14-Jun-2020 17:08:18.591 INFO [main] org.apache.catalina.startup.HostConfig.deployDirectory Deploying web application directory [/Users/robert/Documents/program/JavaEE/apache-tomcat-9.0.36/webapps/ROOT]
14-Jun-2020 17:08:18.601 INFO [main] org.apache.catalina.startup.HostConfig.deployDirectory Deployment of web application directory [/Users/robert/Documents/program/JavaEE/apache-tomcat-9.0.36/webapps/ROOT] has finished in [10] ms
14-Jun-2020 17:08:18.601 INFO [main] org.apache.catalina.startup.HostConfig.deployDirectory Deploying web application directory [/Users/robert/Documents/program/JavaEE/apache-tomcat-9.0.36/webapps/host-manager]
14-Jun-2020 17:08:18.614 INFO [main] org.apache.catalina.startup.HostConfig.deployDirectory Deployment of web application directory [/Users/robert/Documents/program/JavaEE/apache-tomcat-9.0.36/webapps/host-manager] has finished in [13] ms
14-Jun-2020 17:08:18.616 INFO [main] org.apache.catalina.startup.Catalina.start Server startup in [410] milliseconds
14-Jun-2020 17:08:18.619 SEVERE [main] org.apache.catalina.core.StandardServer.await Failed to create server shutdown socket on address [localhost] and port [8005] (base port [8005] and offset [0])
	java.net.BindException: Address already in use (Bind failed)
		at java.net.PlainSocketImpl.socketBind(Native Method)
		at java.net.AbstractPlainSocketImpl.bind(AbstractPlainSocketImpl.java:387)
		at java.net.ServerSocket.bind(ServerSocket.java:390)
		at java.net.ServerSocket.<init>(ServerSocket.java:252)
		at org.apache.catalina.core.StandardServer.await(StandardServer.java:584)
		at org.apache.catalina.startup.Catalina.await(Catalina.java:721)
		at org.apache.catalina.startup.Catalina.start(Catalina.java:667)
		at sun.reflect.NativeMethodAccessorImpl.invoke0(Native Method)
		at sun.reflect.NativeMethodAccessorImpl.invoke(NativeMethodAccessorImpl.java:62)
		at sun.reflect.DelegatingMethodAccessorImpl.invoke(DelegatingMethodAccessorImpl.java:43)
		at java.lang.reflect.Method.invoke(Method.java:498)
		at org.apache.catalina.startup.Bootstrap.start(Bootstrap.java:343)
		at org.apache.catalina.startup.Bootstrap.main(Bootstrap.java:474)
14-Jun-2020 17:08:18.619 INFO [main] org.apache.coyote.AbstractProtocol.pause Pausing ProtocolHandler ["http-nio-8080"]
14-Jun-2020 17:08:18.619 INFO [main] org.apache.catalina.core.StandardService.stopInternal Stopping service [Catalina]
14-Jun-2020 17:08:18.630 INFO [main] org.apache.coyote.AbstractProtocol.stop Stopping ProtocolHandler ["http-nio-8080"]
14-Jun-2020 17:08:18.630 INFO [main] org.apache.coyote.AbstractProtocol.destroy Destroying ProtocolHandler ["http-nio-8080"]
14-Jun-2020 18:50:08.161 INFO [main] org.apache.catalina.startup.VersionLoggerListener.log Server version name:   Apache Tomcat/9.0.36
14-Jun-2020 18:50:08.164 INFO [main] org.apache.catalina.startup.VersionLoggerListener.log Server built:          Jun 3 2020 17:07:09 UTC
14-Jun-2020 18:50:08.164 INFO [main] org.apache.catalina.startup.VersionLoggerListener.log Server version number: 9.0.36.0
14-Jun-2020 18:50:08.164 INFO [main] org.apache.catalina.startup.VersionLoggerListener.log OS Name:               Mac OS X
14-Jun-2020 18:50:08.164 INFO [main] org.apache.catalina.startup.VersionLoggerListener.log OS Version:            10.15.5
14-Jun-2020 18:50:08.164 INFO [main] org.apache.catalina.startup.VersionLoggerListener.log Architecture:          x86_64
14-Jun-2020 18:50:08.164 INFO [main] org.apache.catalina.startup.VersionLoggerListener.log Java Home:             /Library/Java/JavaVirtualMachines/adoptopenjdk-8.jdk/Contents/Home/jre
14-Jun-2020 18:50:08.164 INFO [main] org.apache.catalina.startup.VersionLoggerListener.log JVM Version:           1.8.0_232-b09
14-Jun-2020 18:50:08.164 INFO [main] org.apache.catalina.startup.VersionLoggerListener.log JVM Vendor:            AdoptOpenJDK
14-Jun-2020 18:50:08.164 INFO [main] org.apache.catalina.startup.VersionLoggerListener.log CATALINA_BASE:         /Users/robert/Documents/program/JavaEE/apache-tomcat-9.0.36
14-Jun-2020 18:50:08.164 INFO [main] org.apache.catalina.startup.VersionLoggerListener.log CATALINA_HOME:         /Users/robert/Documents/program/JavaEE/apache-tomcat-9.0.36
14-Jun-2020 18:50:08.166 INFO [main] org.apache.catalina.startup.VersionLoggerListener.log Command line argument: -Djava.util.logging.config.file=/Users/robert/Documents/program/JavaEE/apache-tomcat-9.0.36/conf/logging.properties
14-Jun-2020 18:50:08.167 INFO [main] org.apache.catalina.startup.VersionLoggerListener.log Command line argument: -Djava.util.logging.manager=org.apache.juli.ClassLoaderLogManager
14-Jun-2020 18:50:08.167 INFO [main] org.apache.catalina.startup.VersionLoggerListener.log Command line argument: -Djdk.tls.ephemeralDHKeySize=2048
14-Jun-2020 18:50:08.167 INFO [main] org.apache.catalina.startup.VersionLoggerListener.log Command line argument: -Djava.protocol.handler.pkgs=org.apache.catalina.webresources
14-Jun-2020 18:50:08.167 INFO [main] org.apache.catalina.startup.VersionLoggerListener.log Command line argument: -Dorg.apache.catalina.security.SecurityListener.UMASK=0027
14-Jun-2020 18:50:08.167 INFO [main] org.apache.catalina.startup.VersionLoggerListener.log Command line argument: -Dignore.endorsed.dirs=
14-Jun-2020 18:50:08.167 INFO [main] org.apache.catalina.startup.VersionLoggerListener.log Command line argument: -Dcatalina.base=/Users/robert/Documents/program/JavaEE/apache-tomcat-9.0.36
14-Jun-2020 18:50:08.167 INFO [main] org.apache.catalina.startup.VersionLoggerListener.log Command line argument: -Dcatalina.home=/Users/robert/Documents/program/JavaEE/apache-tomcat-9.0.36
14-Jun-2020 18:50:08.167 INFO [main] org.apache.catalina.startup.VersionLoggerListener.log Command line argument: -Djava.io.tmpdir=/Users/robert/Documents/program/JavaEE/apache-tomcat-9.0.36/temp
14-Jun-2020 18:50:08.167 INFO [main] org.apache.catalina.core.AprLifecycleListener.lifecycleEvent The Apache Tomcat Native library which allows using OpenSSL was not found on the java.library.path: [/Users/robert/Library/Java/Extensions:/Library/Java/Extensions:/Network/Library/Java/Extensions:/System/Library/Java/Extensions:/usr/lib/java:.]
14-Jun-2020 18:50:08.362 INFO [main] org.apache.coyote.AbstractProtocol.init Initializing ProtocolHandler ["http-nio-8083"]
14-Jun-2020 18:50:08.383 INFO [main] org.apache.catalina.startup.Catalina.load Server initialization in [344] milliseconds
14-Jun-2020 18:50:08.400 INFO [main] org.apache.catalina.core.StandardService.startInternal Starting service [Catalina]
14-Jun-2020 18:50:08.400 INFO [main] org.apache.catalina.core.StandardEngine.startInternal Starting Servlet engine: [Apache Tomcat/9.0.36]
14-Jun-2020 18:50:08.405 INFO [main] org.apache.catalina.startup.HostConfig.deployDirectory Deploying web application directory [/Users/robert/Documents/program/JavaEE/apache-tomcat-9.0.36/webapps/docs]
14-Jun-2020 18:50:08.556 INFO [main] org.apache.catalina.startup.HostConfig.deployDirectory Deployment of web application directory [/Users/robert/Documents/program/JavaEE/apache-tomcat-9.0.36/webapps/docs] has finished in [151] ms
14-Jun-2020 18:50:08.556 INFO [main] org.apache.catalina.startup.HostConfig.deployDirectory Deploying web application directory [/Users/robert/Documents/program/JavaEE/apache-tomcat-9.0.36/webapps/manager]
14-Jun-2020 18:50:08.577 INFO [main] org.apache.catalina.startup.HostConfig.deployDirectory Deployment of web application directory [/Users/robert/Documents/program/JavaEE/apache-tomcat-9.0.36/webapps/manager] has finished in [20] ms
14-Jun-2020 18:50:08.577 INFO [main] org.apache.catalina.startup.HostConfig.deployDirectory Deploying web application directory [/Users/robert/Documents/program/JavaEE/apache-tomcat-9.0.36/webapps/examples]
14-Jun-2020 18:50:08.761 INFO [main] org.apache.catalina.startup.HostConfig.deployDirectory Deployment of web application directory [/Users/robert/Documents/program/JavaEE/apache-tomcat-9.0.36/webapps/examples] has finished in [184] ms
14-Jun-2020 18:50:08.761 INFO [main] org.apache.catalina.startup.HostConfig.deployDirectory Deploying web application directory [/Users/robert/Documents/program/JavaEE/apache-tomcat-9.0.36/webapps/ROOT]
14-Jun-2020 18:50:08.771 INFO [main] org.apache.catalina.startup.HostConfig.deployDirectory Deployment of web application directory [/Users/robert/Documents/program/JavaEE/apache-tomcat-9.0.36/webapps/ROOT] has finished in [10] ms
14-Jun-2020 18:50:08.771 INFO [main] org.apache.catalina.startup.HostConfig.deployDirectory Deploying web application directory [/Users/robert/Documents/program/JavaEE/apache-tomcat-9.0.36/webapps/host-manager]
14-Jun-2020 18:50:08.785 INFO [main] org.apache.catalina.startup.HostConfig.deployDirectory Deployment of web application directory [/Users/robert/Documents/program/JavaEE/apache-tomcat-9.0.36/webapps/host-manager] has finished in [13] ms
14-Jun-2020 18:50:08.787 INFO [main] org.apache.coyote.AbstractProtocol.start Starting ProtocolHandler ["http-nio-8083"]
14-Jun-2020 18:50:08.792 INFO [main] org.apache.catalina.startup.Catalina.start Server startup in [409] milliseconds
14-Jun-2020 18:50:08.795 SEVERE [main] org.apache.catalina.core.StandardServer.await Failed to create server shutdown socket on address [localhost] and port [8005] (base port [8005] and offset [0])
	java.net.BindException: Address already in use (Bind failed)
		at java.net.PlainSocketImpl.socketBind(Native Method)
		at java.net.AbstractPlainSocketImpl.bind(AbstractPlainSocketImpl.java:387)
		at java.net.ServerSocket.bind(ServerSocket.java:390)
		at java.net.ServerSocket.<init>(ServerSocket.java:252)
		at org.apache.catalina.core.StandardServer.await(StandardServer.java:584)
		at org.apache.catalina.startup.Catalina.await(Catalina.java:721)
		at org.apache.catalina.startup.Catalina.start(Catalina.java:667)
		at sun.reflect.NativeMethodAccessorImpl.invoke0(Native Method)
		at sun.reflect.NativeMethodAccessorImpl.invoke(NativeMethodAccessorImpl.java:62)
		at sun.reflect.DelegatingMethodAccessorImpl.invoke(DelegatingMethodAccessorImpl.java:43)
		at java.lang.reflect.Method.invoke(Method.java:498)
		at org.apache.catalina.startup.Bootstrap.start(Bootstrap.java:343)
		at org.apache.catalina.startup.Bootstrap.main(Bootstrap.java:474)
14-Jun-2020 18:50:08.795 INFO [main] org.apache.coyote.AbstractProtocol.pause Pausing ProtocolHandler ["http-nio-8083"]
14-Jun-2020 18:50:08.805 INFO [main] org.apache.catalina.core.StandardService.stopInternal Stopping service [Catalina]
14-Jun-2020 18:50:08.817 INFO [main] org.apache.coyote.AbstractProtocol.stop Stopping ProtocolHandler ["http-nio-8083"]
14-Jun-2020 18:50:08.819 INFO [main] org.apache.coyote.AbstractProtocol.destroy Destroying ProtocolHandler ["http-nio-8083"]
14-Jun-2020 18:51:02.119 INFO [main] org.apache.catalina.startup.VersionLoggerListener.log Server version name:   Apache Tomcat/9.0.36
14-Jun-2020 18:51:02.120 INFO [main] org.apache.catalina.startup.VersionLoggerListener.log Server built:          Jun 3 2020 17:07:09 UTC
14-Jun-2020 18:51:02.121 INFO [main] org.apache.catalina.startup.VersionLoggerListener.log Server version number: 9.0.36.0
14-Jun-2020 18:51:02.121 INFO [main] org.apache.catalina.startup.VersionLoggerListener.log OS Name:               Mac OS X
14-Jun-2020 18:51:02.121 INFO [main] org.apache.catalina.startup.VersionLoggerListener.log OS Version:            10.15.5
14-Jun-2020 18:51:02.121 INFO [main] org.apache.catalina.startup.VersionLoggerListener.log Architecture:          x86_64
14-Jun-2020 18:51:02.121 INFO [main] org.apache.catalina.startup.VersionLoggerListener.log Java Home:             /Library/Java/JavaVirtualMachines/adoptopenjdk-8.jdk/Contents/Home/jre
14-Jun-2020 18:51:02.121 INFO [main] org.apache.catalina.startup.VersionLoggerListener.log JVM Version:           1.8.0_232-b09
14-Jun-2020 18:51:02.121 INFO [main] org.apache.catalina.startup.VersionLoggerListener.log JVM Vendor:            AdoptOpenJDK
14-Jun-2020 18:51:02.121 INFO [main] org.apache.catalina.startup.VersionLoggerListener.log CATALINA_BASE:         /Users/robert/Documents/program/JavaEE/apache-tomcat-9.0.36
14-Jun-2020 18:51:02.121 INFO [main] org.apache.catalina.startup.VersionLoggerListener.log CATALINA_HOME:         /Users/robert/Documents/program/JavaEE/apache-tomcat-9.0.36
14-Jun-2020 18:51:02.124 INFO [main] org.apache.catalina.startup.VersionLoggerListener.log Command line argument: -Djava.util.logging.config.file=/Users/robert/Documents/program/JavaEE/apache-tomcat-9.0.36/conf/logging.properties
14-Jun-2020 18:51:02.124 INFO [main] org.apache.catalina.startup.VersionLoggerListener.log Command line argument: -Djava.util.logging.manager=org.apache.juli.ClassLoaderLogManager
14-Jun-2020 18:51:02.124 INFO [main] org.apache.catalina.startup.VersionLoggerListener.log Command line argument: -Djdk.tls.ephemeralDHKeySize=2048
14-Jun-2020 18:51:02.124 INFO [main] org.apache.catalina.startup.VersionLoggerListener.log Command line argument: -Djava.protocol.handler.pkgs=org.apache.catalina.webresources
14-Jun-2020 18:51:02.124 INFO [main] org.apache.catalina.startup.VersionLoggerListener.log Command line argument: -Dorg.apache.catalina.security.SecurityListener.UMASK=0027
14-Jun-2020 18:51:02.124 INFO [main] org.apache.catalina.startup.VersionLoggerListener.log Command line argument: -Dignore.endorsed.dirs=
14-Jun-2020 18:51:02.124 INFO [main] org.apache.catalina.startup.VersionLoggerListener.log Command line argument: -Dcatalina.base=/Users/robert/Documents/program/JavaEE/apache-tomcat-9.0.36
14-Jun-2020 18:51:02.124 INFO [main] org.apache.catalina.startup.VersionLoggerListener.log Command line argument: -Dcatalina.home=/Users/robert/Documents/program/JavaEE/apache-tomcat-9.0.36
14-Jun-2020 18:51:02.124 INFO [main] org.apache.catalina.startup.VersionLoggerListener.log Command line argument: -Djava.io.tmpdir=/Users/robert/Documents/program/JavaEE/apache-tomcat-9.0.36/temp
14-Jun-2020 18:51:02.124 INFO [main] org.apache.catalina.core.AprLifecycleListener.lifecycleEvent The Apache Tomcat Native library which allows using OpenSSL was not found on the java.library.path: [/Users/robert/Library/Java/Extensions:/Library/Java/Extensions:/Network/Library/Java/Extensions:/System/Library/Java/Extensions:/usr/lib/java:.]
14-Jun-2020 18:51:02.317 INFO [main] org.apache.coyote.AbstractProtocol.init Initializing ProtocolHandler ["http-nio-8083"]
14-Jun-2020 18:51:02.338 INFO [main] org.apache.catalina.startup.Catalina.load Server initialization in [343] milliseconds
14-Jun-2020 18:51:02.353 INFO [main] org.apache.catalina.core.StandardService.startInternal Starting service [Catalina]
14-Jun-2020 18:51:02.353 INFO [main] org.apache.catalina.core.StandardEngine.startInternal Starting Servlet engine: [Apache Tomcat/9.0.36]
14-Jun-2020 18:51:02.359 INFO [main] org.apache.catalina.startup.HostConfig.deployDirectory Deploying web application directory [/Users/robert/Documents/program/JavaEE/apache-tomcat-9.0.36/webapps/docs]
14-Jun-2020 18:51:02.506 INFO [main] org.apache.catalina.startup.HostConfig.deployDirectory Deployment of web application directory [/Users/robert/Documents/program/JavaEE/apache-tomcat-9.0.36/webapps/docs] has finished in [148] ms
14-Jun-2020 18:51:02.507 INFO [main] org.apache.catalina.startup.HostConfig.deployDirectory Deploying web application directory [/Users/robert/Documents/program/JavaEE/apache-tomcat-9.0.36/webapps/manager]
14-Jun-2020 18:51:02.527 INFO [main] org.apache.catalina.startup.HostConfig.deployDirectory Deployment of web application directory [/Users/robert/Documents/program/JavaEE/apache-tomcat-9.0.36/webapps/manager] has finished in [20] ms
14-Jun-2020 18:51:02.527 INFO [main] org.apache.catalina.startup.HostConfig.deployDirectory Deploying web application directory [/Users/robert/Documents/program/JavaEE/apache-tomcat-9.0.36/webapps/examples]
14-Jun-2020 18:51:02.710 INFO [main] org.apache.catalina.startup.HostConfig.deployDirectory Deployment of web application directory [/Users/robert/Documents/program/JavaEE/apache-tomcat-9.0.36/webapps/examples] has finished in [182] ms
14-Jun-2020 18:51:02.710 INFO [main] org.apache.catalina.startup.HostConfig.deployDirectory Deploying web application directory [/Users/robert/Documents/program/JavaEE/apache-tomcat-9.0.36/webapps/ROOT]
14-Jun-2020 18:51:02.720 INFO [main] org.apache.catalina.startup.HostConfig.deployDirectory Deployment of web application directory [/Users/robert/Documents/program/JavaEE/apache-tomcat-9.0.36/webapps/ROOT] has finished in [10] ms
14-Jun-2020 18:51:02.720 INFO [main] org.apache.catalina.startup.HostConfig.deployDirectory Deploying web application directory [/Users/robert/Documents/program/JavaEE/apache-tomcat-9.0.36/webapps/host-manager]
14-Jun-2020 18:51:02.731 INFO [main] org.apache.catalina.startup.HostConfig.deployDirectory Deployment of web application directory [/Users/robert/Documents/program/JavaEE/apache-tomcat-9.0.36/webapps/host-manager] has finished in [11] ms
14-Jun-2020 18:51:02.734 INFO [main] org.apache.coyote.AbstractProtocol.start Starting ProtocolHandler ["http-nio-8083"]
14-Jun-2020 18:51:02.738 INFO [main] org.apache.catalina.startup.Catalina.start Server startup in [400] milliseconds
14-Jun-2020 18:51:02.740 SEVERE [main] org.apache.catalina.core.StandardServer.await Failed to create server shutdown socket on address [localhost] and port [8005] (base port [8005] and offset [0])
	java.net.BindException: Address already in use (Bind failed)
		at java.net.PlainSocketImpl.socketBind(Native Method)
		at java.net.AbstractPlainSocketImpl.bind(AbstractPlainSocketImpl.java:387)
		at java.net.ServerSocket.bind(ServerSocket.java:390)
		at java.net.ServerSocket.<init>(ServerSocket.java:252)
		at org.apache.catalina.core.StandardServer.await(StandardServer.java:584)
		at org.apache.catalina.startup.Catalina.await(Catalina.java:721)
		at org.apache.catalina.startup.Catalina.start(Catalina.java:667)
		at sun.reflect.NativeMethodAccessorImpl.invoke0(Native Method)
		at sun.reflect.NativeMethodAccessorImpl.invoke(NativeMethodAccessorImpl.java:62)
		at sun.reflect.DelegatingMethodAccessorImpl.invoke(DelegatingMethodAccessorImpl.java:43)
		at java.lang.reflect.Method.invoke(Method.java:498)
		at org.apache.catalina.startup.Bootstrap.start(Bootstrap.java:343)
		at org.apache.catalina.startup.Bootstrap.main(Bootstrap.java:474)
14-Jun-2020 18:51:02.741 INFO [main] org.apache.coyote.AbstractProtocol.pause Pausing ProtocolHandler ["http-nio-8083"]
14-Jun-2020 18:51:02.749 INFO [main] org.apache.catalina.core.StandardService.stopInternal Stopping service [Catalina]
14-Jun-2020 18:51:02.761 INFO [main] org.apache.coyote.AbstractProtocol.stop Stopping ProtocolHandler ["http-nio-8083"]
14-Jun-2020 18:51:02.763 INFO [main] org.apache.coyote.AbstractProtocol.destroy Destroying ProtocolHandler ["http-nio-8083"]
14-Jun-2020 18:52:15.402 INFO [main] org.apache.catalina.core.StandardServer.await A valid shutdown command was received via the shutdown port. Stopping the Server instance.
14-Jun-2020 18:52:15.402 INFO [main] org.apache.coyote.AbstractProtocol.pause Pausing ProtocolHandler ["http-nio-8080"]
14-Jun-2020 18:52:15.412 INFO [main] org.apache.catalina.core.StandardService.stopInternal Stopping service [Catalina]
14-Jun-2020 18:52:15.427 INFO [main] org.apache.coyote.AbstractProtocol.stop Stopping ProtocolHandler ["http-nio-8080"]
14-Jun-2020 18:52:15.429 INFO [main] org.apache.coyote.AbstractProtocol.destroy Destroying ProtocolHandler ["http-nio-8080"]
14-Jun-2020 18:52:30.548 INFO [main] org.apache.catalina.startup.VersionLoggerListener.log Server version name:   Apache Tomcat/9.0.36
14-Jun-2020 18:52:30.549 INFO [main] org.apache.catalina.startup.VersionLoggerListener.log Server built:          Jun 3 2020 17:07:09 UTC
14-Jun-2020 18:52:30.549 INFO [main] org.apache.catalina.startup.VersionLoggerListener.log Server version number: 9.0.36.0
14-Jun-2020 18:52:30.550 INFO [main] org.apache.catalina.startup.VersionLoggerListener.log OS Name:               Mac OS X
14-Jun-2020 18:52:30.550 INFO [main] org.apache.catalina.startup.VersionLoggerListener.log OS Version:            10.15.5
14-Jun-2020 18:52:30.550 INFO [main] org.apache.catalina.startup.VersionLoggerListener.log Architecture:          x86_64
14-Jun-2020 18:52:30.550 INFO [main] org.apache.catalina.startup.VersionLoggerListener.log Java Home:             /Library/Java/JavaVirtualMachines/adoptopenjdk-8.jdk/Contents/Home/jre
14-Jun-2020 18:52:30.550 INFO [main] org.apache.catalina.startup.VersionLoggerListener.log JVM Version:           1.8.0_232-b09
14-Jun-2020 18:52:30.550 INFO [main] org.apache.catalina.startup.VersionLoggerListener.log JVM Vendor:            AdoptOpenJDK
14-Jun-2020 18:52:30.550 INFO [main] org.apache.catalina.startup.VersionLoggerListener.log CATALINA_BASE:         /Users/robert/Documents/program/JavaEE/apache-tomcat-9.0.36
14-Jun-2020 18:52:30.550 INFO [main] org.apache.catalina.startup.VersionLoggerListener.log CATALINA_HOME:         /Users/robert/Documents/program/JavaEE/apache-tomcat-9.0.36
14-Jun-2020 18:52:30.554 INFO [main] org.apache.catalina.startup.VersionLoggerListener.log Command line argument: -Djava.util.logging.config.file=/Users/robert/Documents/program/JavaEE/apache-tomcat-9.0.36/conf/logging.properties
14-Jun-2020 18:52:30.554 INFO [main] org.apache.catalina.startup.VersionLoggerListener.log Command line argument: -Djava.util.logging.manager=org.apache.juli.ClassLoaderLogManager
14-Jun-2020 18:52:30.554 INFO [main] org.apache.catalina.startup.VersionLoggerListener.log Command line argument: -Djdk.tls.ephemeralDHKeySize=2048
14-Jun-2020 18:52:30.554 INFO [main] org.apache.catalina.startup.VersionLoggerListener.log Command line argument: -Djava.protocol.handler.pkgs=org.apache.catalina.webresources
14-Jun-2020 18:52:30.554 INFO [main] org.apache.catalina.startup.VersionLoggerListener.log Command line argument: -Dorg.apache.catalina.security.SecurityListener.UMASK=0027
14-Jun-2020 18:52:30.554 INFO [main] org.apache.catalina.startup.VersionLoggerListener.log Command line argument: -Dignore.endorsed.dirs=
14-Jun-2020 18:52:30.554 INFO [main] org.apache.catalina.startup.VersionLoggerListener.log Command line argument: -Dcatalina.base=/Users/robert/Documents/program/JavaEE/apache-tomcat-9.0.36
14-Jun-2020 18:52:30.555 INFO [main] org.apache.catalina.startup.VersionLoggerListener.log Command line argument: -Dcatalina.home=/Users/robert/Documents/program/JavaEE/apache-tomcat-9.0.36
14-Jun-2020 18:52:30.555 INFO [main] org.apache.catalina.startup.VersionLoggerListener.log Command line argument: -Djava.io.tmpdir=/Users/robert/Documents/program/JavaEE/apache-tomcat-9.0.36/temp
14-Jun-2020 18:52:30.555 INFO [main] org.apache.catalina.core.AprLifecycleListener.lifecycleEvent The Apache Tomcat Native library which allows using OpenSSL was not found on the java.library.path: [/Users/robert/Library/Java/Extensions:/Library/Java/Extensions:/Network/Library/Java/Extensions:/System/Library/Java/Extensions:/usr/lib/java:.]
14-Jun-2020 18:52:30.747 INFO [main] org.apache.coyote.AbstractProtocol.init Initializing ProtocolHandler ["http-nio-8083"]
14-Jun-2020 18:52:30.767 INFO [main] org.apache.catalina.startup.Catalina.load Server initialization in [342] milliseconds
14-Jun-2020 18:52:30.782 INFO [main] org.apache.catalina.core.StandardService.startInternal Starting service [Catalina]
14-Jun-2020 18:52:30.782 INFO [main] org.apache.catalina.core.StandardEngine.startInternal Starting Servlet engine: [Apache Tomcat/9.0.36]
14-Jun-2020 18:52:30.788 INFO [main] org.apache.catalina.startup.HostConfig.deployDirectory Deploying web application directory [/Users/robert/Documents/program/JavaEE/apache-tomcat-9.0.36/webapps/docs]
14-Jun-2020 18:52:30.936 INFO [main] org.apache.catalina.startup.HostConfig.deployDirectory Deployment of web application directory [/Users/robert/Documents/program/JavaEE/apache-tomcat-9.0.36/webapps/docs] has finished in [148] ms
14-Jun-2020 18:52:30.936 INFO [main] org.apache.catalina.startup.HostConfig.deployDirectory Deploying web application directory [/Users/robert/Documents/program/JavaEE/apache-tomcat-9.0.36/webapps/manager]
14-Jun-2020 18:52:30.955 INFO [main] org.apache.catalina.startup.HostConfig.deployDirectory Deployment of web application directory [/Users/robert/Documents/program/JavaEE/apache-tomcat-9.0.36/webapps/manager] has finished in [19] ms
14-Jun-2020 18:52:30.956 INFO [main] org.apache.catalina.startup.HostConfig.deployDirectory Deploying web application directory [/Users/robert/Documents/program/JavaEE/apache-tomcat-9.0.36/webapps/examples]
14-Jun-2020 18:52:31.109 INFO [main] org.apache.catalina.startup.HostConfig.deployDirectory Deployment of web application directory [/Users/robert/Documents/program/JavaEE/apache-tomcat-9.0.36/webapps/examples] has finished in [153] ms
14-Jun-2020 18:52:31.110 INFO [main] org.apache.catalina.startup.HostConfig.deployDirectory Deploying web application directory [/Users/robert/Documents/program/JavaEE/apache-tomcat-9.0.36/webapps/ROOT]
14-Jun-2020 18:52:31.119 INFO [main] org.apache.catalina.startup.HostConfig.deployDirectory Deployment of web application directory [/Users/robert/Documents/program/JavaEE/apache-tomcat-9.0.36/webapps/ROOT] has finished in [9] ms
14-Jun-2020 18:52:31.119 INFO [main] org.apache.catalina.startup.HostConfig.deployDirectory Deploying web application directory [/Users/robert/Documents/program/JavaEE/apache-tomcat-9.0.36/webapps/host-manager]
14-Jun-2020 18:52:31.130 INFO [main] org.apache.catalina.startup.HostConfig.deployDirectory Deployment of web application directory [/Users/robert/Documents/program/JavaEE/apache-tomcat-9.0.36/webapps/host-manager] has finished in [11] ms
14-Jun-2020 18:52:31.132 INFO [main] org.apache.coyote.AbstractProtocol.start Starting ProtocolHandler ["http-nio-8083"]
14-Jun-2020 18:52:31.136 INFO [main] org.apache.catalina.startup.Catalina.start Server startup in [368] milliseconds
14-Jun-2020 18:53:30.167 INFO [main] org.apache.catalina.core.StandardServer.await A valid shutdown command was received via the shutdown port. Stopping the Server instance.
14-Jun-2020 18:53:30.167 INFO [main] org.apache.coyote.AbstractProtocol.pause Pausing ProtocolHandler ["http-nio-8083"]
14-Jun-2020 18:53:30.175 INFO [main] org.apache.catalina.core.StandardService.stopInternal Stopping service [Catalina]
14-Jun-2020 18:53:30.189 INFO [main] org.apache.coyote.AbstractProtocol.stop Stopping ProtocolHandler ["http-nio-8083"]
14-Jun-2020 18:53:30.190 INFO [main] org.apache.coyote.AbstractProtocol.destroy Destroying ProtocolHandler ["http-nio-8083"]
14-Jun-2020 18:57:39.403 INFO [main] org.apache.catalina.startup.VersionLoggerListener.log Server version name:   Apache Tomcat/9.0.36
14-Jun-2020 18:57:39.405 INFO [main] org.apache.catalina.startup.VersionLoggerListener.log Server built:          Jun 3 2020 17:07:09 UTC
14-Jun-2020 18:57:39.405 INFO [main] org.apache.catalina.startup.VersionLoggerListener.log Server version number: 9.0.36.0
14-Jun-2020 18:57:39.405 INFO [main] org.apache.catalina.startup.VersionLoggerListener.log OS Name:               Mac OS X
14-Jun-2020 18:57:39.405 INFO [main] org.apache.catalina.startup.VersionLoggerListener.log OS Version:            10.15.5
14-Jun-2020 18:57:39.405 INFO [main] org.apache.catalina.startup.VersionLoggerListener.log Architecture:          x86_64
14-Jun-2020 18:57:39.405 INFO [main] org.apache.catalina.startup.VersionLoggerListener.log Java Home:             /Library/Java/JavaVirtualMachines/adoptopenjdk-8.jdk/Contents/Home/jre
14-Jun-2020 18:57:39.405 INFO [main] org.apache.catalina.startup.VersionLoggerListener.log JVM Version:           1.8.0_232-b09
14-Jun-2020 18:57:39.405 INFO [main] org.apache.catalina.startup.VersionLoggerListener.log JVM Vendor:            AdoptOpenJDK
14-Jun-2020 18:57:39.405 INFO [main] org.apache.catalina.startup.VersionLoggerListener.log CATALINA_BASE:         /Users/robert/Documents/program/JavaEE/apache-tomcat-9.0.36
14-Jun-2020 18:57:39.405 INFO [main] org.apache.catalina.startup.VersionLoggerListener.log CATALINA_HOME:         /Users/robert/Documents/program/JavaEE/apache-tomcat-9.0.36
14-Jun-2020 18:57:39.408 INFO [main] org.apache.catalina.startup.VersionLoggerListener.log Command line argument: -Djava.util.logging.config.file=/Users/robert/Documents/program/JavaEE/apache-tomcat-9.0.36/conf/logging.properties
14-Jun-2020 18:57:39.408 INFO [main] org.apache.catalina.startup.VersionLoggerListener.log Command line argument: -Djava.util.logging.manager=org.apache.juli.ClassLoaderLogManager
14-Jun-2020 18:57:39.408 INFO [main] org.apache.catalina.startup.VersionLoggerListener.log Command line argument: -Djdk.tls.ephemeralDHKeySize=2048
14-Jun-2020 18:57:39.408 INFO [main] org.apache.catalina.startup.VersionLoggerListener.log Command line argument: -Djava.protocol.handler.pkgs=org.apache.catalina.webresources
14-Jun-2020 18:57:39.408 INFO [main] org.apache.catalina.startup.VersionLoggerListener.log Command line argument: -Dorg.apache.catalina.security.SecurityListener.UMASK=0027
14-Jun-2020 18:57:39.408 INFO [main] org.apache.catalina.startup.VersionLoggerListener.log Command line argument: -Dignore.endorsed.dirs=
14-Jun-2020 18:57:39.408 INFO [main] org.apache.catalina.startup.VersionLoggerListener.log Command line argument: -Dcatalina.base=/Users/robert/Documents/program/JavaEE/apache-tomcat-9.0.36
14-Jun-2020 18:57:39.409 INFO [main] org.apache.catalina.startup.VersionLoggerListener.log Command line argument: -Dcatalina.home=/Users/robert/Documents/program/JavaEE/apache-tomcat-9.0.36
14-Jun-2020 18:57:39.409 INFO [main] org.apache.catalina.startup.VersionLoggerListener.log Command line argument: -Djava.io.tmpdir=/Users/robert/Documents/program/JavaEE/apache-tomcat-9.0.36/temp
14-Jun-2020 18:57:39.409 INFO [main] org.apache.catalina.core.AprLifecycleListener.lifecycleEvent The Apache Tomcat Native library which allows using OpenSSL was not found on the java.library.path: [/Users/robert/Library/Java/Extensions:/Library/Java/Extensions:/Network/Library/Java/Extensions:/System/Library/Java/Extensions:/usr/lib/java:.]
14-Jun-2020 18:57:39.604 INFO [main] org.apache.coyote.AbstractProtocol.init Initializing ProtocolHandler ["http-nio-8083"]
14-Jun-2020 18:57:39.617 SEVERE [main] org.apache.catalina.util.LifecycleBase.handleSubClassException Failed to initialize component [Connector[HTTP/1.1-8083]]
	org.apache.catalina.LifecycleException: Protocol handler initialization failed
		at org.apache.catalina.connector.Connector.initInternal(Connector.java:1042)
		at org.apache.catalina.util.LifecycleBase.init(LifecycleBase.java:136)
		at org.apache.catalina.core.StandardService.initInternal(StandardService.java:533)
		at org.apache.catalina.util.LifecycleBase.init(LifecycleBase.java:136)
		at org.apache.catalina.core.StandardServer.initInternal(StandardServer.java:1057)
		at org.apache.catalina.util.LifecycleBase.init(LifecycleBase.java:136)
		at org.apache.catalina.startup.Catalina.load(Catalina.java:584)
		at org.apache.catalina.startup.Catalina.load(Catalina.java:607)
		at sun.reflect.NativeMethodAccessorImpl.invoke0(Native Method)
		at sun.reflect.NativeMethodAccessorImpl.invoke(NativeMethodAccessorImpl.java:62)
		at sun.reflect.DelegatingMethodAccessorImpl.invoke(DelegatingMethodAccessorImpl.java:43)
		at java.lang.reflect.Method.invoke(Method.java:498)
		at org.apache.catalina.startup.Bootstrap.load(Bootstrap.java:303)
		at org.apache.catalina.startup.Bootstrap.main(Bootstrap.java:473)
	Caused by: java.net.BindException: Address already in use
		at sun.nio.ch.Net.bind0(Native Method)
		at sun.nio.ch.Net.bind(Net.java:433)
		at sun.nio.ch.Net.bind(Net.java:425)
		at sun.nio.ch.ServerSocketChannelImpl.bind(ServerSocketChannelImpl.java:223)
		at sun.nio.ch.ServerSocketAdaptor.bind(ServerSocketAdaptor.java:74)
		at org.apache.tomcat.util.net.NioEndpoint.initServerSocket(NioEndpoint.java:228)
		at org.apache.tomcat.util.net.NioEndpoint.bind(NioEndpoint.java:211)
		at org.apache.tomcat.util.net.AbstractEndpoint.bindWithCleanup(AbstractEndpoint.java:1141)
		at org.apache.tomcat.util.net.AbstractEndpoint.init(AbstractEndpoint.java:1154)
		at org.apache.coyote.AbstractProtocol.init(AbstractProtocol.java:581)
		at org.apache.coyote.http11.AbstractHttp11Protocol.init(AbstractHttp11Protocol.java:74)
		at org.apache.catalina.connector.Connector.initInternal(Connector.java:1039)
		... 13 more
14-Jun-2020 18:57:39.618 INFO [main] org.apache.catalina.startup.Catalina.load Server initialization in [340] milliseconds
14-Jun-2020 18:57:39.635 INFO [main] org.apache.catalina.core.StandardService.startInternal Starting service [Catalina]
14-Jun-2020 18:57:39.635 INFO [main] org.apache.catalina.core.StandardEngine.startInternal Starting Servlet engine: [Apache Tomcat/9.0.36]
14-Jun-2020 18:57:39.640 INFO [main] org.apache.catalina.startup.HostConfig.deployDirectory Deploying web application directory [/Users/robert/Documents/program/JavaEE/apache-tomcat-9.0.36/webapps/docs]
14-Jun-2020 18:57:39.791 INFO [main] org.apache.catalina.startup.HostConfig.deployDirectory Deployment of web application directory [/Users/robert/Documents/program/JavaEE/apache-tomcat-9.0.36/webapps/docs] has finished in [151] ms
14-Jun-2020 18:57:39.791 INFO [main] org.apache.catalina.startup.HostConfig.deployDirectory Deploying web application directory [/Users/robert/Documents/program/JavaEE/apache-tomcat-9.0.36/webapps/manager]
14-Jun-2020 18:57:39.814 INFO [main] org.apache.catalina.startup.HostConfig.deployDirectory Deployment of web application directory [/Users/robert/Documents/program/JavaEE/apache-tomcat-9.0.36/webapps/manager] has finished in [23] ms
14-Jun-2020 18:57:39.814 INFO [main] org.apache.catalina.startup.HostConfig.deployDirectory Deploying web application directory [/Users/robert/Documents/program/JavaEE/apache-tomcat-9.0.36/webapps/examples]
14-Jun-2020 18:57:40.014 INFO [main] org.apache.catalina.startup.HostConfig.deployDirectory Deployment of web application directory [/Users/robert/Documents/program/JavaEE/apache-tomcat-9.0.36/webapps/examples] has finished in [200] ms
14-Jun-2020 18:57:40.014 INFO [main] org.apache.catalina.startup.HostConfig.deployDirectory Deploying web application directory [/Users/robert/Documents/program/JavaEE/apache-tomcat-9.0.36/webapps/ROOT]
14-Jun-2020 18:57:40.024 INFO [main] org.apache.catalina.startup.HostConfig.deployDirectory Deployment of web application directory [/Users/robert/Documents/program/JavaEE/apache-tomcat-9.0.36/webapps/ROOT] has finished in [10] ms
14-Jun-2020 18:57:40.024 INFO [main] org.apache.catalina.startup.HostConfig.deployDirectory Deploying web application directory [/Users/robert/Documents/program/JavaEE/apache-tomcat-9.0.36/webapps/host-manager]
14-Jun-2020 18:57:40.036 INFO [main] org.apache.catalina.startup.HostConfig.deployDirectory Deployment of web application directory [/Users/robert/Documents/program/JavaEE/apache-tomcat-9.0.36/webapps/host-manager] has finished in [12] ms
14-Jun-2020 18:57:40.038 INFO [main] org.apache.catalina.startup.Catalina.start Server startup in [420] milliseconds
14-Jun-2020 18:57:40.041 SEVERE [main] org.apache.catalina.core.StandardServer.await Failed to create server shutdown socket on address [localhost] and port [8005] (base port [8005] and offset [0])
	java.net.BindException: Address already in use (Bind failed)
		at java.net.PlainSocketImpl.socketBind(Native Method)
		at java.net.AbstractPlainSocketImpl.bind(AbstractPlainSocketImpl.java:387)
		at java.net.ServerSocket.bind(ServerSocket.java:390)
		at java.net.ServerSocket.<init>(ServerSocket.java:252)
		at org.apache.catalina.core.StandardServer.await(StandardServer.java:584)
		at org.apache.catalina.startup.Catalina.await(Catalina.java:721)
		at org.apache.catalina.startup.Catalina.start(Catalina.java:667)
		at sun.reflect.NativeMethodAccessorImpl.invoke0(Native Method)
		at sun.reflect.NativeMethodAccessorImpl.invoke(NativeMethodAccessorImpl.java:62)
		at sun.reflect.DelegatingMethodAccessorImpl.invoke(DelegatingMethodAccessorImpl.java:43)
		at java.lang.reflect.Method.invoke(Method.java:498)
		at org.apache.catalina.startup.Bootstrap.start(Bootstrap.java:343)
		at org.apache.catalina.startup.Bootstrap.main(Bootstrap.java:474)
14-Jun-2020 18:57:40.041 INFO [main] org.apache.coyote.AbstractProtocol.pause Pausing ProtocolHandler ["http-nio-8083"]
14-Jun-2020 18:57:40.041 INFO [main] org.apache.catalina.core.StandardService.stopInternal Stopping service [Catalina]
14-Jun-2020 18:57:40.052 INFO [main] org.apache.coyote.AbstractProtocol.stop Stopping ProtocolHandler ["http-nio-8083"]
14-Jun-2020 18:57:40.052 INFO [main] org.apache.coyote.AbstractProtocol.destroy Destroying ProtocolHandler ["http-nio-8083"]
14-Jun-2020 21:23:50.091 INFO [main] org.apache.catalina.startup.VersionLoggerListener.log Server version name:   Apache Tomcat/9.0.36
14-Jun-2020 21:23:50.093 INFO [main] org.apache.catalina.startup.VersionLoggerListener.log Server built:          Jun 3 2020 17:07:09 UTC
14-Jun-2020 21:23:50.093 INFO [main] org.apache.catalina.startup.VersionLoggerListener.log Server version number: 9.0.36.0
14-Jun-2020 21:23:50.093 INFO [main] org.apache.catalina.startup.VersionLoggerListener.log OS Name:               Mac OS X
14-Jun-2020 21:23:50.093 INFO [main] org.apache.catalina.startup.VersionLoggerListener.log OS Version:            10.15.5
14-Jun-2020 21:23:50.093 INFO [main] org.apache.catalina.startup.VersionLoggerListener.log Architecture:          x86_64
14-Jun-2020 21:23:50.093 INFO [main] org.apache.catalina.startup.VersionLoggerListener.log Java Home:             /Library/Java/JavaVirtualMachines/adoptopenjdk-8.jdk/Contents/Home/jre
14-Jun-2020 21:23:50.094 INFO [main] org.apache.catalina.startup.VersionLoggerListener.log JVM Version:           1.8.0_232-b09
14-Jun-2020 21:23:50.094 INFO [main] org.apache.catalina.startup.VersionLoggerListener.log JVM Vendor:            AdoptOpenJDK
14-Jun-2020 21:23:50.094 INFO [main] org.apache.catalina.startup.VersionLoggerListener.log CATALINA_BASE:         /Users/robert/Documents/program/JavaEE/apache-tomcat-9.0.36
14-Jun-2020 21:23:50.094 INFO [main] org.apache.catalina.startup.VersionLoggerListener.log CATALINA_HOME:         /Users/robert/Documents/program/JavaEE/apache-tomcat-9.0.36
14-Jun-2020 21:23:50.097 INFO [main] org.apache.catalina.startup.VersionLoggerListener.log Command line argument: -Djava.util.logging.config.file=/Users/robert/Documents/program/JavaEE/apache-tomcat-9.0.36/conf/logging.properties
14-Jun-2020 21:23:50.097 INFO [main] org.apache.catalina.startup.VersionLoggerListener.log Command line argument: -Djava.util.logging.manager=org.apache.juli.ClassLoaderLogManager
14-Jun-2020 21:23:50.097 INFO [main] org.apache.catalina.startup.VersionLoggerListener.log Command line argument: -Djdk.tls.ephemeralDHKeySize=2048
14-Jun-2020 21:23:50.097 INFO [main] org.apache.catalina.startup.VersionLoggerListener.log Command line argument: -Djava.protocol.handler.pkgs=org.apache.catalina.webresources
14-Jun-2020 21:23:50.097 INFO [main] org.apache.catalina.startup.VersionLoggerListener.log Command line argument: -Dorg.apache.catalina.security.SecurityListener.UMASK=0027
14-Jun-2020 21:23:50.097 INFO [main] org.apache.catalina.startup.VersionLoggerListener.log Command line argument: -Dignore.endorsed.dirs=
14-Jun-2020 21:23:50.097 INFO [main] org.apache.catalina.startup.VersionLoggerListener.log Command line argument: -Dcatalina.base=/Users/robert/Documents/program/JavaEE/apache-tomcat-9.0.36
14-Jun-2020 21:23:50.097 INFO [main] org.apache.catalina.startup.VersionLoggerListener.log Command line argument: -Dcatalina.home=/Users/robert/Documents/program/JavaEE/apache-tomcat-9.0.36
14-Jun-2020 21:23:50.097 INFO [main] org.apache.catalina.startup.VersionLoggerListener.log Command line argument: -Djava.io.tmpdir=/Users/robert/Documents/program/JavaEE/apache-tomcat-9.0.36/temp
14-Jun-2020 21:23:50.097 INFO [main] org.apache.catalina.core.AprLifecycleListener.lifecycleEvent The Apache Tomcat Native library which allows using OpenSSL was not found on the java.library.path: [/Users/robert/Library/Java/Extensions:/Library/Java/Extensions:/Network/Library/Java/Extensions:/System/Library/Java/Extensions:/usr/lib/java:.]
14-Jun-2020 21:23:50.301 INFO [main] org.apache.coyote.AbstractProtocol.init Initializing ProtocolHandler ["http-nio-8083"]
14-Jun-2020 21:23:50.316 SEVERE [main] org.apache.catalina.util.LifecycleBase.handleSubClassException Failed to initialize component [Connector[HTTP/1.1-8083]]
	org.apache.catalina.LifecycleException: Protocol handler initialization failed
		at org.apache.catalina.connector.Connector.initInternal(Connector.java:1042)
		at org.apache.catalina.util.LifecycleBase.init(LifecycleBase.java:136)
		at org.apache.catalina.core.StandardService.initInternal(StandardService.java:533)
		at org.apache.catalina.util.LifecycleBase.init(LifecycleBase.java:136)
		at org.apache.catalina.core.StandardServer.initInternal(StandardServer.java:1057)
		at org.apache.catalina.util.LifecycleBase.init(LifecycleBase.java:136)
		at org.apache.catalina.startup.Catalina.load(Catalina.java:584)
		at org.apache.catalina.startup.Catalina.load(Catalina.java:607)
		at sun.reflect.NativeMethodAccessorImpl.invoke0(Native Method)
		at sun.reflect.NativeMethodAccessorImpl.invoke(NativeMethodAccessorImpl.java:62)
		at sun.reflect.DelegatingMethodAccessorImpl.invoke(DelegatingMethodAccessorImpl.java:43)
		at java.lang.reflect.Method.invoke(Method.java:498)
		at org.apache.catalina.startup.Bootstrap.load(Bootstrap.java:303)
		at org.apache.catalina.startup.Bootstrap.main(Bootstrap.java:473)
	Caused by: java.net.BindException: Address already in use
		at sun.nio.ch.Net.bind0(Native Method)
		at sun.nio.ch.Net.bind(Net.java:433)
		at sun.nio.ch.Net.bind(Net.java:425)
		at sun.nio.ch.ServerSocketChannelImpl.bind(ServerSocketChannelImpl.java:223)
		at sun.nio.ch.ServerSocketAdaptor.bind(ServerSocketAdaptor.java:74)
		at org.apache.tomcat.util.net.NioEndpoint.initServerSocket(NioEndpoint.java:228)
		at org.apache.tomcat.util.net.NioEndpoint.bind(NioEndpoint.java:211)
		at org.apache.tomcat.util.net.AbstractEndpoint.bindWithCleanup(AbstractEndpoint.java:1141)
		at org.apache.tomcat.util.net.AbstractEndpoint.init(AbstractEndpoint.java:1154)
		at org.apache.coyote.AbstractProtocol.init(AbstractProtocol.java:581)
		at org.apache.coyote.http11.AbstractHttp11Protocol.init(AbstractHttp11Protocol.java:74)
		at org.apache.catalina.connector.Connector.initInternal(Connector.java:1039)
		... 13 more
14-Jun-2020 21:23:50.317 INFO [main] org.apache.catalina.startup.Catalina.load Server initialization in [346] milliseconds
14-Jun-2020 21:23:50.332 INFO [main] org.apache.catalina.core.StandardService.startInternal Starting service [Catalina]
14-Jun-2020 21:23:50.332 INFO [main] org.apache.catalina.core.StandardEngine.startInternal Starting Servlet engine: [Apache Tomcat/9.0.36]
14-Jun-2020 21:23:50.337 INFO [main] org.apache.catalina.startup.HostConfig.deployDirectory Deploying web application directory [/Users/robert/Documents/program/JavaEE/apache-tomcat-9.0.36/webapps/docs]
14-Jun-2020 21:23:50.601 INFO [main] org.apache.jasper.servlet.TldScanner.scanJars At least one JAR was scanned for TLDs yet contained no TLDs. Enable debug logging for this logger for a complete list of JARs that were scanned but no TLDs were found in them. Skipping unneeded JARs during scanning can improve startup time and JSP compilation time.
14-Jun-2020 21:23:50.624 INFO [main] org.apache.catalina.startup.HostConfig.deployDirectory Deployment of web application directory [/Users/robert/Documents/program/JavaEE/apache-tomcat-9.0.36/webapps/docs] has finished in [287] ms
14-Jun-2020 21:23:50.624 INFO [main] org.apache.catalina.startup.HostConfig.deployDirectory Deploying web application directory [/Users/robert/Documents/program/JavaEE/apache-tomcat-9.0.36/webapps/manager]
14-Jun-2020 21:23:50.735 INFO [main] org.apache.jasper.servlet.TldScanner.scanJars At least one JAR was scanned for TLDs yet contained no TLDs. Enable debug logging for this logger for a complete list of JARs that were scanned but no TLDs were found in them. Skipping unneeded JARs during scanning can improve startup time and JSP compilation time.
14-Jun-2020 21:23:50.738 INFO [main] org.apache.catalina.startup.HostConfig.deployDirectory Deployment of web application directory [/Users/robert/Documents/program/JavaEE/apache-tomcat-9.0.36/webapps/manager] has finished in [114] ms
14-Jun-2020 21:23:50.738 INFO [main] org.apache.catalina.startup.HostConfig.deployDirectory Deploying web application directory [/Users/robert/Documents/program/JavaEE/apache-tomcat-9.0.36/webapps/examples]
14-Jun-2020 21:23:50.949 INFO [main] org.apache.jasper.servlet.TldScanner.scanJars At least one JAR was scanned for TLDs yet contained no TLDs. Enable debug logging for this logger for a complete list of JARs that were scanned but no TLDs were found in them. Skipping unneeded JARs during scanning can improve startup time and JSP compilation time.
14-Jun-2020 21:23:50.959 INFO [main] org.apache.catalina.startup.HostConfig.deployDirectory Deployment of web application directory [/Users/robert/Documents/program/JavaEE/apache-tomcat-9.0.36/webapps/examples] has finished in [221] ms
14-Jun-2020 21:23:50.959 INFO [main] org.apache.catalina.startup.HostConfig.deployDirectory Deploying web application directory [/Users/robert/Documents/program/JavaEE/apache-tomcat-9.0.36/webapps/ROOT]
14-Jun-2020 21:23:51.052 INFO [main] org.apache.jasper.servlet.TldScanner.scanJars At least one JAR was scanned for TLDs yet contained no TLDs. Enable debug logging for this logger for a complete list of JARs that were scanned but no TLDs were found in them. Skipping unneeded JARs during scanning can improve startup time and JSP compilation time.
14-Jun-2020 21:23:51.053 INFO [main] org.apache.catalina.startup.HostConfig.deployDirectory Deployment of web application directory [/Users/robert/Documents/program/JavaEE/apache-tomcat-9.0.36/webapps/ROOT] has finished in [94] ms
14-Jun-2020 21:23:51.053 INFO [main] org.apache.catalina.startup.HostConfig.deployDirectory Deploying web application directory [/Users/robert/Documents/program/JavaEE/apache-tomcat-9.0.36/webapps/host-manager]
14-Jun-2020 21:23:51.154 INFO [main] org.apache.jasper.servlet.TldScanner.scanJars At least one JAR was scanned for TLDs yet contained no TLDs. Enable debug logging for this logger for a complete list of JARs that were scanned but no TLDs were found in them. Skipping unneeded JARs during scanning can improve startup time and JSP compilation time.
14-Jun-2020 21:23:51.155 INFO [main] org.apache.catalina.startup.HostConfig.deployDirectory Deployment of web application directory [/Users/robert/Documents/program/JavaEE/apache-tomcat-9.0.36/webapps/host-manager] has finished in [102] ms
14-Jun-2020 21:23:51.157 INFO [main] org.apache.catalina.startup.Catalina.start Server startup in [839] milliseconds
14-Jun-2020 21:23:51.159 SEVERE [main] org.apache.catalina.core.StandardServer.await Failed to create server shutdown socket on address [localhost] and port [8005] (base port [8005] and offset [0])
	java.net.BindException: Address already in use (Bind failed)
		at java.net.PlainSocketImpl.socketBind(Native Method)
		at java.net.AbstractPlainSocketImpl.bind(AbstractPlainSocketImpl.java:387)
		at java.net.ServerSocket.bind(ServerSocket.java:390)
		at java.net.ServerSocket.<init>(ServerSocket.java:252)
		at org.apache.catalina.core.StandardServer.await(StandardServer.java:584)
		at org.apache.catalina.startup.Catalina.await(Catalina.java:721)
		at org.apache.catalina.startup.Catalina.start(Catalina.java:667)
		at sun.reflect.NativeMethodAccessorImpl.invoke0(Native Method)
		at sun.reflect.NativeMethodAccessorImpl.invoke(NativeMethodAccessorImpl.java:62)
		at sun.reflect.DelegatingMethodAccessorImpl.invoke(DelegatingMethodAccessorImpl.java:43)
		at java.lang.reflect.Method.invoke(Method.java:498)
		at org.apache.catalina.startup.Bootstrap.start(Bootstrap.java:343)
		at org.apache.catalina.startup.Bootstrap.main(Bootstrap.java:474)
14-Jun-2020 21:23:51.159 INFO [main] org.apache.coyote.AbstractProtocol.pause Pausing ProtocolHandler ["http-nio-8083"]
14-Jun-2020 21:23:51.160 INFO [main] org.apache.catalina.core.StandardService.stopInternal Stopping service [Catalina]
14-Jun-2020 21:23:51.172 INFO [main] org.apache.coyote.AbstractProtocol.stop Stopping ProtocolHandler ["http-nio-8083"]
14-Jun-2020 21:23:51.172 INFO [main] org.apache.coyote.AbstractProtocol.destroy Destroying ProtocolHandler ["http-nio-8083"]
14-Jun-2020 21:24:10.930 INFO [main] org.apache.catalina.startup.VersionLoggerListener.log Server version name:   Apache Tomcat/9.0.36
14-Jun-2020 21:24:10.931 INFO [main] org.apache.catalina.startup.VersionLoggerListener.log Server built:          Jun 3 2020 17:07:09 UTC
14-Jun-2020 21:24:10.932 INFO [main] org.apache.catalina.startup.VersionLoggerListener.log Server version number: 9.0.36.0
14-Jun-2020 21:24:10.932 INFO [main] org.apache.catalina.startup.VersionLoggerListener.log OS Name:               Mac OS X
14-Jun-2020 21:24:10.932 INFO [main] org.apache.catalina.startup.VersionLoggerListener.log OS Version:            10.15.5
14-Jun-2020 21:24:10.932 INFO [main] org.apache.catalina.startup.VersionLoggerListener.log Architecture:          x86_64
14-Jun-2020 21:24:10.932 INFO [main] org.apache.catalina.startup.VersionLoggerListener.log Java Home:             /Library/Java/JavaVirtualMachines/adoptopenjdk-8.jdk/Contents/Home/jre
14-Jun-2020 21:24:10.932 INFO [main] org.apache.catalina.startup.VersionLoggerListener.log JVM Version:           1.8.0_232-b09
14-Jun-2020 21:24:10.932 INFO [main] org.apache.catalina.startup.VersionLoggerListener.log JVM Vendor:            AdoptOpenJDK
14-Jun-2020 21:24:10.932 INFO [main] org.apache.catalina.startup.VersionLoggerListener.log CATALINA_BASE:         /Users/robert/Documents/program/JavaEE/apache-tomcat-9.0.36
14-Jun-2020 21:24:10.932 INFO [main] org.apache.catalina.startup.VersionLoggerListener.log CATALINA_HOME:         /Users/robert/Documents/program/JavaEE/apache-tomcat-9.0.36
14-Jun-2020 21:24:10.935 INFO [main] org.apache.catalina.startup.VersionLoggerListener.log Command line argument: -Djava.util.logging.config.file=/Users/robert/Documents/program/JavaEE/apache-tomcat-9.0.36/conf/logging.properties
14-Jun-2020 21:24:10.935 INFO [main] org.apache.catalina.startup.VersionLoggerListener.log Command line argument: -Djava.util.logging.manager=org.apache.juli.ClassLoaderLogManager
14-Jun-2020 21:24:10.935 INFO [main] org.apache.catalina.startup.VersionLoggerListener.log Command line argument: -Djdk.tls.ephemeralDHKeySize=2048
14-Jun-2020 21:24:10.935 INFO [main] org.apache.catalina.startup.VersionLoggerListener.log Command line argument: -Djava.protocol.handler.pkgs=org.apache.catalina.webresources
14-Jun-2020 21:24:10.935 INFO [main] org.apache.catalina.startup.VersionLoggerListener.log Command line argument: -Dorg.apache.catalina.security.SecurityListener.UMASK=0027
14-Jun-2020 21:24:10.935 INFO [main] org.apache.catalina.startup.VersionLoggerListener.log Command line argument: -Dignore.endorsed.dirs=
14-Jun-2020 21:24:10.935 INFO [main] org.apache.catalina.startup.VersionLoggerListener.log Command line argument: -Dcatalina.base=/Users/robert/Documents/program/JavaEE/apache-tomcat-9.0.36
14-Jun-2020 21:24:10.935 INFO [main] org.apache.catalina.startup.VersionLoggerListener.log Command line argument: -Dcatalina.home=/Users/robert/Documents/program/JavaEE/apache-tomcat-9.0.36
14-Jun-2020 21:24:10.935 INFO [main] org.apache.catalina.startup.VersionLoggerListener.log Command line argument: -Djava.io.tmpdir=/Users/robert/Documents/program/JavaEE/apache-tomcat-9.0.36/temp
14-Jun-2020 21:24:10.935 INFO [main] org.apache.catalina.core.AprLifecycleListener.lifecycleEvent The Apache Tomcat Native library which allows using OpenSSL was not found on the java.library.path: [/Users/robert/Library/Java/Extensions:/Library/Java/Extensions:/Network/Library/Java/Extensions:/System/Library/Java/Extensions:/usr/lib/java:.]
14-Jun-2020 21:24:11.135 INFO [main] org.apache.coyote.AbstractProtocol.init Initializing ProtocolHandler ["http-nio-8083"]
14-Jun-2020 21:24:11.149 SEVERE [main] org.apache.catalina.util.LifecycleBase.handleSubClassException Failed to initialize component [Connector[HTTP/1.1-8083]]
	org.apache.catalina.LifecycleException: Protocol handler initialization failed
		at org.apache.catalina.connector.Connector.initInternal(Connector.java:1042)
		at org.apache.catalina.util.LifecycleBase.init(LifecycleBase.java:136)
		at org.apache.catalina.core.StandardService.initInternal(StandardService.java:533)
		at org.apache.catalina.util.LifecycleBase.init(LifecycleBase.java:136)
		at org.apache.catalina.core.StandardServer.initInternal(StandardServer.java:1057)
		at org.apache.catalina.util.LifecycleBase.init(LifecycleBase.java:136)
		at org.apache.catalina.startup.Catalina.load(Catalina.java:584)
		at org.apache.catalina.startup.Catalina.load(Catalina.java:607)
		at sun.reflect.NativeMethodAccessorImpl.invoke0(Native Method)
		at sun.reflect.NativeMethodAccessorImpl.invoke(NativeMethodAccessorImpl.java:62)
		at sun.reflect.DelegatingMethodAccessorImpl.invoke(DelegatingMethodAccessorImpl.java:43)
		at java.lang.reflect.Method.invoke(Method.java:498)
		at org.apache.catalina.startup.Bootstrap.load(Bootstrap.java:303)
		at org.apache.catalina.startup.Bootstrap.main(Bootstrap.java:473)
	Caused by: java.net.BindException: Address already in use
		at sun.nio.ch.Net.bind0(Native Method)
		at sun.nio.ch.Net.bind(Net.java:433)
		at sun.nio.ch.Net.bind(Net.java:425)
		at sun.nio.ch.ServerSocketChannelImpl.bind(ServerSocketChannelImpl.java:223)
		at sun.nio.ch.ServerSocketAdaptor.bind(ServerSocketAdaptor.java:74)
		at org.apache.tomcat.util.net.NioEndpoint.initServerSocket(NioEndpoint.java:228)
		at org.apache.tomcat.util.net.NioEndpoint.bind(NioEndpoint.java:211)
		at org.apache.tomcat.util.net.AbstractEndpoint.bindWithCleanup(AbstractEndpoint.java:1141)
		at org.apache.tomcat.util.net.AbstractEndpoint.init(AbstractEndpoint.java:1154)
		at org.apache.coyote.AbstractProtocol.init(AbstractProtocol.java:581)
		at org.apache.coyote.http11.AbstractHttp11Protocol.init(AbstractHttp11Protocol.java:74)
		at org.apache.catalina.connector.Connector.initInternal(Connector.java:1039)
		... 13 more
14-Jun-2020 21:24:11.150 INFO [main] org.apache.catalina.startup.Catalina.load Server initialization in [340] milliseconds
14-Jun-2020 21:24:11.164 INFO [main] org.apache.catalina.core.StandardService.startInternal Starting service [Catalina]
14-Jun-2020 21:24:11.164 INFO [main] org.apache.catalina.core.StandardEngine.startInternal Starting Servlet engine: [Apache Tomcat/9.0.36]
14-Jun-2020 21:24:11.170 INFO [main] org.apache.catalina.startup.HostConfig.deployDirectory Deploying web application directory [/Users/robert/Documents/program/JavaEE/apache-tomcat-9.0.36/webapps/docs]
14-Jun-2020 21:24:11.427 INFO [main] org.apache.jasper.servlet.TldScanner.scanJars At least one JAR was scanned for TLDs yet contained no TLDs. Enable debug logging for this logger for a complete list of JARs that were scanned but no TLDs were found in them. Skipping unneeded JARs during scanning can improve startup time and JSP compilation time.
14-Jun-2020 21:24:11.450 INFO [main] org.apache.catalina.startup.HostConfig.deployDirectory Deployment of web application directory [/Users/robert/Documents/program/JavaEE/apache-tomcat-9.0.36/webapps/docs] has finished in [280] ms
14-Jun-2020 21:24:11.450 INFO [main] org.apache.catalina.startup.HostConfig.deployDirectory Deploying web application directory [/Users/robert/Documents/program/JavaEE/apache-tomcat-9.0.36/webapps/manager]
14-Jun-2020 21:24:11.559 INFO [main] org.apache.jasper.servlet.TldScanner.scanJars At least one JAR was scanned for TLDs yet contained no TLDs. Enable debug logging for this logger for a complete list of JARs that were scanned but no TLDs were found in them. Skipping unneeded JARs during scanning can improve startup time and JSP compilation time.
14-Jun-2020 21:24:11.562 INFO [main] org.apache.catalina.startup.HostConfig.deployDirectory Deployment of web application directory [/Users/robert/Documents/program/JavaEE/apache-tomcat-9.0.36/webapps/manager] has finished in [112] ms
14-Jun-2020 21:24:11.562 INFO [main] org.apache.catalina.startup.HostConfig.deployDirectory Deploying web application directory [/Users/robert/Documents/program/JavaEE/apache-tomcat-9.0.36/webapps/examples]
14-Jun-2020 21:24:11.777 INFO [main] org.apache.jasper.servlet.TldScanner.scanJars At least one JAR was scanned for TLDs yet contained no TLDs. Enable debug logging for this logger for a complete list of JARs that were scanned but no TLDs were found in them. Skipping unneeded JARs during scanning can improve startup time and JSP compilation time.
14-Jun-2020 21:24:11.787 INFO [main] org.apache.catalina.startup.HostConfig.deployDirectory Deployment of web application directory [/Users/robert/Documents/program/JavaEE/apache-tomcat-9.0.36/webapps/examples] has finished in [225] ms
14-Jun-2020 21:24:11.787 INFO [main] org.apache.catalina.startup.HostConfig.deployDirectory Deploying web application directory [/Users/robert/Documents/program/JavaEE/apache-tomcat-9.0.36/webapps/ROOT]
14-Jun-2020 21:24:11.879 INFO [main] org.apache.jasper.servlet.TldScanner.scanJars At least one JAR was scanned for TLDs yet contained no TLDs. Enable debug logging for this logger for a complete list of JARs that were scanned but no TLDs were found in them. Skipping unneeded JARs during scanning can improve startup time and JSP compilation time.
14-Jun-2020 21:24:11.880 INFO [main] org.apache.catalina.startup.HostConfig.deployDirectory Deployment of web application directory [/Users/robert/Documents/program/JavaEE/apache-tomcat-9.0.36/webapps/ROOT] has finished in [93] ms
14-Jun-2020 21:24:11.880 INFO [main] org.apache.catalina.startup.HostConfig.deployDirectory Deploying web application directory [/Users/robert/Documents/program/JavaEE/apache-tomcat-9.0.36/webapps/host-manager]
14-Jun-2020 21:24:11.979 INFO [main] org.apache.jasper.servlet.TldScanner.scanJars At least one JAR was scanned for TLDs yet contained no TLDs. Enable debug logging for this logger for a complete list of JARs that were scanned but no TLDs were found in them. Skipping unneeded JARs during scanning can improve startup time and JSP compilation time.
14-Jun-2020 21:24:11.980 INFO [main] org.apache.catalina.startup.HostConfig.deployDirectory Deployment of web application directory [/Users/robert/Documents/program/JavaEE/apache-tomcat-9.0.36/webapps/host-manager] has finished in [100] ms
14-Jun-2020 21:24:11.982 INFO [main] org.apache.catalina.startup.Catalina.start Server startup in [832] milliseconds
14-Jun-2020 21:24:11.985 SEVERE [main] org.apache.catalina.core.StandardServer.await Failed to create server shutdown socket on address [localhost] and port [8005] (base port [8005] and offset [0])
	java.net.BindException: Address already in use (Bind failed)
		at java.net.PlainSocketImpl.socketBind(Native Method)
		at java.net.AbstractPlainSocketImpl.bind(AbstractPlainSocketImpl.java:387)
		at java.net.ServerSocket.bind(ServerSocket.java:390)
		at java.net.ServerSocket.<init>(ServerSocket.java:252)
		at org.apache.catalina.core.StandardServer.await(StandardServer.java:584)
		at org.apache.catalina.startup.Catalina.await(Catalina.java:721)
		at org.apache.catalina.startup.Catalina.start(Catalina.java:667)
		at sun.reflect.NativeMethodAccessorImpl.invoke0(Native Method)
		at sun.reflect.NativeMethodAccessorImpl.invoke(NativeMethodAccessorImpl.java:62)
		at sun.reflect.DelegatingMethodAccessorImpl.invoke(DelegatingMethodAccessorImpl.java:43)
		at java.lang.reflect.Method.invoke(Method.java:498)
		at org.apache.catalina.startup.Bootstrap.start(Bootstrap.java:343)
		at org.apache.catalina.startup.Bootstrap.main(Bootstrap.java:474)
14-Jun-2020 21:24:11.985 INFO [main] org.apache.coyote.AbstractProtocol.pause Pausing ProtocolHandler ["http-nio-8083"]
14-Jun-2020 21:24:11.985 INFO [main] org.apache.catalina.core.StandardService.stopInternal Stopping service [Catalina]
14-Jun-2020 21:24:11.999 INFO [main] org.apache.coyote.AbstractProtocol.stop Stopping ProtocolHandler ["http-nio-8083"]
14-Jun-2020 21:24:11.999 INFO [main] org.apache.coyote.AbstractProtocol.destroy Destroying ProtocolHandler ["http-nio-8083"]
